<?xml version="1.0" encoding="utf-8"?><testsuites name="pytest tests"><testsuite name="pytest" errors="0" failures="3" skipped="0" tests="19" time="0.142" timestamp="2025-07-19T15:35:01.422505+00:00" hostname="syafiq.local"><testcase classname="taskmanager.tests.TestTaskModel" name="test_can_delete_task" time="0.020"><failure message="django.db.utils.OperationalError: no such table: taskmanager_task">.venv/lib/python3.13/site-packages/django/db/backends/utils.py:105: in _execute
    return self.cursor.execute(sql, params)
           ^^^^^^^^^^^^^^^^^^^^^^^^^^^^^^^^
.venv/lib/python3.13/site-packages/django/db/backends/sqlite3/base.py:329: in execute
    return super().execute(query, params)
           ^^^^^^^^^^^^^^^^^^^^^^^^^^^^^^
E   sqlite3.OperationalError: no such table: taskmanager_task

The above exception was the direct cause of the following exception:
taskmanager/tests.py:34: in test_can_delete_task
    task.save()
.venv/lib/python3.13/site-packages/django/db/models/base.py:822: in save
    self.save_base(
.venv/lib/python3.13/site-packages/django/db/models/base.py:909: in save_base
    updated = self._save_table(
.venv/lib/python3.13/site-packages/django/db/models/base.py:1071: in _save_table
    results = self._do_insert(
.venv/lib/python3.13/site-packages/django/db/models/base.py:1112: in _do_insert
    return manager._insert(
.venv/lib/python3.13/site-packages/django/db/models/manager.py:87: in manager_method
    return getattr(self.get_queryset(), name)(*args, **kwargs)
           ^^^^^^^^^^^^^^^^^^^^^^^^^^^^^^^^^^^^^^^^^^^^^^^^^^^
.venv/lib/python3.13/site-packages/django/db/models/query.py:1847: in _insert
    return query.get_compiler(using=using).execute_sql(returning_fields)
           ^^^^^^^^^^^^^^^^^^^^^^^^^^^^^^^^^^^^^^^^^^^^^^^^^^^^^^^^^^^^^
.venv/lib/python3.13/site-packages/django/db/models/sql/compiler.py:1823: in execute_sql
    cursor.execute(sql, params)
.venv/lib/python3.13/site-packages/django/db/backends/utils.py:79: in execute
    return self._execute_with_wrappers(
.venv/lib/python3.13/site-packages/django/db/backends/utils.py:92: in _execute_with_wrappers
    return executor(sql, params, many, context)
           ^^^^^^^^^^^^^^^^^^^^^^^^^^^^^^^^^^^^
.venv/lib/python3.13/site-packages/django/db/backends/utils.py:100: in _execute
    with self.db.wrap_database_errors:
         ^^^^^^^^^^^^^^^^^^^^^^^^^^^^
.venv/lib/python3.13/site-packages/django/db/utils.py:91: in __exit__
    raise dj_exc_value.with_traceback(traceback) from exc_value
.venv/lib/python3.13/site-packages/django/db/backends/utils.py:105: in _execute
    return self.cursor.execute(sql, params)
           ^^^^^^^^^^^^^^^^^^^^^^^^^^^^^^^^
.venv/lib/python3.13/site-packages/django/db/backends/sqlite3/base.py:329: in execute
    return super().execute(query, params)
           ^^^^^^^^^^^^^^^^^^^^^^^^^^^^^^
E   django.db.utils.OperationalError: no such table: taskmanager_task</failure></testcase><testcase classname="taskmanager.tests.TestTaskmanagerEndpoints" name="test_view_resolves_to_correct_class[taskmanager:task-manager-homepage-ViewTaskManagerHomepage]" time="0.002" /><testcase classname="taskmanager.tests.TestTaskmanagerEndpoints" name="test_view_resolves_to_correct_class[taskmanager:task-manager-help-page-ViewTaskManagerHelpPage]" time="0.000" /><testcase classname="taskmanager.tests.TestTaskModel" name="test_can_create_task" time="0.000" /><testcase classname="homepage.tests.TestHomepageEndpoints" name="test_view_resolves_to_correct_class[homepage:homepage-ViewHomepage]" time="0.000" /><testcase classname="homepage.tests.TestHomepageEndpoints" name="test_view_resolves_to_correct_class[homepage:cv-ViewCV]" time="0.000" /><testcase classname="syafiqkaydotcom.tests" name="test_ensure_200_status_sets_status_code[---no_status_code]" time="0.000" /><testcase classname="syafiqkaydotcom.tests" name="test_ensure_200_status_sets_status_code[---already_200]" time="0.000" /><testcase classname="syafiqkaydotcom.tests" name="test_ensure_200_status_sets_status_code[---was_404]" time="0.000" /><testcase classname="syafiqkaydotcom.tests" name="test_ensure_200_status_sets_status_code[---was_None]" time="0.000" /><testcase classname="syafiqkaydotcom.tests" name="test_ensure_200_status_passes_args_and_kwargs[--no_args]" time="0.000" /><testcase classname="syafiqkaydotcom.tests" name="test_ensure_200_status_passes_args_and_kwargs[--positional_args]" time="0.000" /><testcase classname="syafiqkaydotcom.tests" name="test_ensure_200_status_passes_args_and_kwargs[--keyword_args]" time="0.000" /><testcase classname="syafiqkaydotcom.tests" name="test_ensure_200_status_passes_args_and_kwargs[--positional_and_keyword_args]" time="0.000" /><testcase classname="syafiqkaydotcom.tests" name="test_ensure_200_status_preserves_function_metadata" time="0.000" /><testcase classname="syafiqkaydotcom.tests" name="test_ensure_200_status_raises_if_view_raises" time="0.000" /><testcase classname="syafiqkaydotcom.tests" name="test_ensure_200_status_raises_if_response_has_no_status_code" time="0.000" /><testcase classname="syafiqkaydotcom.tests" name="test_get_named_class_based_endpoints_various[---single_named_cbv_no_namespace]" time="0.013"><failure message="AssertionError: assert [(&lt;MagicMock ....DummyView'&gt;)] == [('home', &lt;cl....DummyView'&gt;)]&#10;  &#10;  At index 0 diff: #x1B[0m(&lt;MagicMock name=#x1B[33m'#x1B[39;49;00m#x1B[33mhome.name#x1B[39;49;00m#x1B[33m'#x1B[39;49;00m #x1B[96mid#x1B[39;49;00m=#x1B[33m'#x1B[39;49;00m#x1B[33m4503888832#x1B[39;49;00m#x1B[33m'#x1B[39;49;00m&gt;, &lt;#x1B[94mclass#x1B[39;49;00m#x1B[90m #x1B[39;49;00m#x1B[04m#x1B[91m'#x1B[39;49;00m#x1B[04m#x1B[92msyafiqkaydotcom#x1B[39;49;00m.tests.DummyView#x1B[33m'#x1B[39;49;00m#x1B[33m&gt;)#x1B[39;49;00m#x1B[90m#x1B[39;49;00m != #x1B[0m(#x1B[33m'#x1B[39;49;00m#x1B[33mhome#x1B[39;49;00m#x1B[33m'#x1B[39;49;00m, &lt;#x1B[94mclass#x1B[39;49;00m#x1B[90m #x1B[39;49;00m#x1B[04m#x1B[91m'#x1B[39;49;00m#x1B[04m#x1B[92msyafiqkaydotcom#x1B[39;49;00m.tests.DummyView#x1B[33m'#x1B[39;49;00m#x1B[33m&gt;)#x1B[39;49;00m#x1B[90m#x1B[39;49;00m&#10;  Use -v to get more diff">syafiqkaydotcom/tests.py:328: in test_get_named_class_based_endpoints_various
    assert result == expected
E   AssertionError: assert [(&lt;MagicMock ....DummyView'&gt;)] == [('home', &lt;cl....DummyView'&gt;)]
E     
E     At index 0 diff: #x1B[0m(&lt;MagicMock name=#x1B[33m'#x1B[39;49;00m#x1B[33mhome.name#x1B[39;49;00m#x1B[33m'#x1B[39;49;00m #x1B[96mid#x1B[39;49;00m=#x1B[33m'#x1B[39;49;00m#x1B[33m4503888832#x1B[39;49;00m#x1B[33m'#x1B[39;49;00m&gt;, &lt;#x1B[94mclass#x1B[39;49;00m#x1B[90m #x1B[39;49;00m#x1B[04m#x1B[91m'#x1B[39;49;00m#x1B[04m#x1B[92msyafiqkaydotcom#x1B[39;49;00m.tests.DummyView#x1B[33m'#x1B[39;49;00m#x1B[33m&gt;)#x1B[39;49;00m#x1B[90m#x1B[39;49;00m != #x1B[0m(#x1B[33m'#x1B[39;49;00m#x1B[33mhome#x1B[39;49;00m#x1B[33m'#x1B[39;49;00m, &lt;#x1B[94mclass#x1B[39;49;00m#x1B[90m #x1B[39;49;00m#x1B[04m#x1B[91m'#x1B[39;49;00m#x1B[04m#x1B[92msyafiqkaydotcom#x1B[39;49;00m.tests.DummyView#x1B[33m'#x1B[39;49;00m#x1B[33m&gt;)#x1B[39;49;00m#x1B[90m#x1B[39;49;00m
E     Use -v to get more diff</failure></testcase><testcase classname="syafiqkaydotcom.tests" name="test_get_named_class_based_endpoints_various[-main--namespace_filter_excludes]" time="0.001"><failure message="AssertionError: assert [(&lt;MagicMock ....DummyView'&gt;)] == []&#10;  &#10;  Left contains one more item: #x1B[0m(&lt;MagicMock name=#x1B[33m'#x1B[39;49;00m#x1B[33mindex.name#x1B[39;49;00m#x1B[33m'#x1B[39;49;00m #x1B[96mid#x1B[39;49;00m=#x1B[33m'#x1B[39;49;00m#x1B[33m4503890848#x1B[39;49;00m#x1B[33m'#x1B[39;49;00m&gt;, &lt;#x1B[94mclass#x1B[39;49;00m#x1B[90m #x1B[39;49;00m#x1B[04m#x1B[91m'#x1B[39;49;00m#x1B[04m#x1B[92msyafiqkaydotcom#x1B[39;49;00m.tests.DummyView#x1B[33m'#x1B[39;49;00m#x1B[33m&gt;)#x1B[39;49;00m#x1B[90m#x1B[39;49;00m&#10;  Use -v to get more diff">syafiqkaydotcom/tests.py:328: in test_get_named_class_based_endpoints_various
    assert result == expected
E   AssertionError: assert [(&lt;MagicMock ....DummyView'&gt;)] == []
E     
E     Left contains one more item: #x1B[0m(&lt;MagicMock name=#x1B[33m'#x1B[39;49;00m#x1B[33mindex.name#x1B[39;49;00m#x1B[33m'#x1B[39;49;00m #x1B[96mid#x1B[39;49;00m=#x1B[33m'#x1B[39;49;00m#x1B[33m4503890848#x1B[39;49;00m#x1B[33m'#x1B[39;49;00m&gt;, &lt;#x1B[94mclass#x1B[39;49;00m#x1B[90m #x1B[39;49;00m#x1B[04m#x1B[91m'#x1B[39;49;00m#x1B[04m#x1B[92msyafiqkaydotcom#x1B[39;49;00m.tests.DummyView#x1B[33m'#x1B[39;49;00m#x1B[33m&gt;)#x1B[39;49;00m#x1B[90m#x1B[39;49;00m
E     Use -v to get more diff</failure></testcase></testsuite></testsuites>